[2026-01-11T06:04:52.763+0000] {taskinstance.py:1956} INFO - Dependencies all met for dep_context=non-requeueable deps ti=<TaskInstance: exchange_rate_crawler.get_rate_and_save manual__2026-01-11T06:04:48.096390+00:00 [queued]>
[2026-01-11T06:04:52.769+0000] {taskinstance.py:1956} INFO - Dependencies all met for dep_context=requeueable deps ti=<TaskInstance: exchange_rate_crawler.get_rate_and_save manual__2026-01-11T06:04:48.096390+00:00 [queued]>
[2026-01-11T06:04:52.769+0000] {taskinstance.py:2170} INFO - Starting attempt 1 of 2
[2026-01-11T06:04:52.781+0000] {taskinstance.py:2191} INFO - Executing <Task(DatabricksSubmitRunOperator): get_rate_and_save> on 2026-01-11 06:04:48.096390+00:00
[2026-01-11T06:04:52.790+0000] {standard_task_runner.py:60} INFO - Started process 188 to run task
[2026-01-11T06:04:52.796+0000] {standard_task_runner.py:87} INFO - Running: ['airflow', 'tasks', 'run', 'exchange_rate_crawler', 'get_rate_and_save', 'manual__2026-01-11T06:04:48.096390+00:00', '--job-id', '10', '--raw', '--subdir', 'DAGS_FOLDER/exchange_rate_dag.py', '--cfg-path', '/tmp/tmp5s8ek87e']
[2026-01-11T06:04:52.799+0000] {standard_task_runner.py:88} INFO - Job 10: Subtask get_rate_and_save
[2026-01-11T06:04:52.836+0000] {task_command.py:423} INFO - Running <TaskInstance: exchange_rate_crawler.get_rate_and_save manual__2026-01-11T06:04:48.096390+00:00 [running]> on host f8aa545bbc3a
[2026-01-11T06:04:52.904+0000] {taskinstance.py:2480} INFO - Exporting env vars: AIRFLOW_CTX_DAG_OWNER='airflow' AIRFLOW_CTX_DAG_ID='exchange_rate_crawler' AIRFLOW_CTX_TASK_ID='get_rate_and_save' AIRFLOW_CTX_EXECUTION_DATE='2026-01-11T06:04:48.096390+00:00' AIRFLOW_CTX_TRY_NUMBER='1' AIRFLOW_CTX_DAG_RUN_ID='manual__2026-01-11T06:04:48.096390+00:00'
[2026-01-11T06:04:52.911+0000] {base.py:83} INFO - Using connection ID 'databricks_default' for task execution.
[2026-01-11T06:04:53.002+0000] {databricks_base.py:581} INFO - Using basic auth.
[2026-01-11T06:04:53.624+0000] {taskinstance.py:2698} ERROR - Task failed with exception
Traceback (most recent call last):
  File "/home/airflow/.local/lib/python3.10/site-packages/airflow/providers/databricks/hooks/databricks_base.py", line 597, in _do_api_call
    for attempt in self._get_retry_object():
  File "/home/airflow/.local/lib/python3.10/site-packages/tenacity/__init__.py", line 347, in __iter__
    do = self.iter(retry_state=retry_state)
  File "/home/airflow/.local/lib/python3.10/site-packages/tenacity/__init__.py", line 314, in iter
    return fut.result()
  File "/usr/local/lib/python3.10/concurrent/futures/_base.py", line 451, in result
    return self.__get_result()
  File "/usr/local/lib/python3.10/concurrent/futures/_base.py", line 403, in __get_result
    raise self._exception
  File "/home/airflow/.local/lib/python3.10/site-packages/airflow/providers/databricks/hooks/databricks_base.py", line 607, in _do_api_call
    response.raise_for_status()
  File "/home/airflow/.local/lib/python3.10/site-packages/requests/models.py", line 1021, in raise_for_status
    raise HTTPError(http_error_msg, response=self)
requests.exceptions.HTTPError: 403 Client Error: Forbidden for url: https://adb-7405611376491031.11.azuredatabricks.net/api/2.1/jobs/runs/submit

During handling of the above exception, another exception occurred:

Traceback (most recent call last):
  File "/home/airflow/.local/lib/python3.10/site-packages/airflow/models/taskinstance.py", line 433, in _execute_task
    result = execute_callable(context=context, **execute_callable_kwargs)
  File "/home/airflow/.local/lib/python3.10/site-packages/airflow/providers/databricks/operators/databricks.py", line 569, in execute
    self.run_id = self._hook.submit_run(json_normalised)
  File "/home/airflow/.local/lib/python3.10/site-packages/airflow/providers/databricks/hooks/databricks.py", line 232, in submit_run
    response = self._do_api_call(SUBMIT_RUN_ENDPOINT, json)
  File "/home/airflow/.local/lib/python3.10/site-packages/airflow/providers/databricks/hooks/databricks_base.py", line 614, in _do_api_call
    raise AirflowException(msg)
airflow.exceptions.AirflowException: Response: {"error_code":403,"message":"User admin is not allowed to use the access token provided. [ReqId: 86833250-4c10-445f-9be4-b46d60cf48d8]"}, Status Code: 403
[2026-01-11T06:04:53.633+0000] {taskinstance.py:1138} INFO - Marking task as UP_FOR_RETRY. dag_id=exchange_rate_crawler, task_id=get_rate_and_save, execution_date=20260111T060448, start_date=20260111T060452, end_date=20260111T060453
[2026-01-11T06:04:53.654+0000] {standard_task_runner.py:107} ERROR - Failed to execute job 10 for task get_rate_and_save (Response: {"error_code":403,"message":"User admin is not allowed to use the access token provided. [ReqId: 86833250-4c10-445f-9be4-b46d60cf48d8]"}, Status Code: 403; 188)
[2026-01-11T06:04:53.688+0000] {local_task_job_runner.py:234} INFO - Task exited with return code 1
[2026-01-11T06:04:53.719+0000] {taskinstance.py:3280} INFO - 0 downstream tasks scheduled from follow-on schedule check
