[2026-01-11T06:09:57.640+0000] {taskinstance.py:1956} INFO - Dependencies all met for dep_context=non-requeueable deps ti=<TaskInstance: exchange_rate_crawler.get_rate_and_save manual__2026-01-11T06:04:48.096390+00:00 [queued]>
[2026-01-11T06:09:57.648+0000] {taskinstance.py:1956} INFO - Dependencies all met for dep_context=requeueable deps ti=<TaskInstance: exchange_rate_crawler.get_rate_and_save manual__2026-01-11T06:04:48.096390+00:00 [queued]>
[2026-01-11T06:09:57.648+0000] {taskinstance.py:2170} INFO - Starting attempt 2 of 2
[2026-01-11T06:09:57.662+0000] {taskinstance.py:2191} INFO - Executing <Task(DatabricksSubmitRunOperator): get_rate_and_save> on 2026-01-11 06:04:48.096390+00:00
[2026-01-11T06:09:57.671+0000] {standard_task_runner.py:60} INFO - Started process 234 to run task
[2026-01-11T06:09:57.678+0000] {standard_task_runner.py:87} INFO - Running: ['airflow', 'tasks', 'run', 'exchange_rate_crawler', 'get_rate_and_save', 'manual__2026-01-11T06:04:48.096390+00:00', '--job-id', '14', '--raw', '--subdir', 'DAGS_FOLDER/exchange_rate_dag.py', '--cfg-path', '/tmp/tmpfh2002vi']
[2026-01-11T06:09:57.682+0000] {standard_task_runner.py:88} INFO - Job 14: Subtask get_rate_and_save
[2026-01-11T06:09:57.723+0000] {task_command.py:423} INFO - Running <TaskInstance: exchange_rate_crawler.get_rate_and_save manual__2026-01-11T06:04:48.096390+00:00 [running]> on host f8aa545bbc3a
[2026-01-11T06:09:57.784+0000] {taskinstance.py:2480} INFO - Exporting env vars: AIRFLOW_CTX_DAG_OWNER='airflow' AIRFLOW_CTX_DAG_ID='exchange_rate_crawler' AIRFLOW_CTX_TASK_ID='get_rate_and_save' AIRFLOW_CTX_EXECUTION_DATE='2026-01-11T06:04:48.096390+00:00' AIRFLOW_CTX_TRY_NUMBER='2' AIRFLOW_CTX_DAG_RUN_ID='manual__2026-01-11T06:04:48.096390+00:00'
[2026-01-11T06:09:57.790+0000] {base.py:83} INFO - Using connection ID 'databricks_default' for task execution.
[2026-01-11T06:09:57.878+0000] {databricks_base.py:581} INFO - Using basic auth.
[2026-01-11T06:09:58.470+0000] {taskinstance.py:2698} ERROR - Task failed with exception
Traceback (most recent call last):
  File "/home/airflow/.local/lib/python3.10/site-packages/airflow/providers/databricks/hooks/databricks_base.py", line 597, in _do_api_call
    for attempt in self._get_retry_object():
  File "/home/airflow/.local/lib/python3.10/site-packages/tenacity/__init__.py", line 347, in __iter__
    do = self.iter(retry_state=retry_state)
  File "/home/airflow/.local/lib/python3.10/site-packages/tenacity/__init__.py", line 314, in iter
    return fut.result()
  File "/usr/local/lib/python3.10/concurrent/futures/_base.py", line 451, in result
    return self.__get_result()
  File "/usr/local/lib/python3.10/concurrent/futures/_base.py", line 403, in __get_result
    raise self._exception
  File "/home/airflow/.local/lib/python3.10/site-packages/airflow/providers/databricks/hooks/databricks_base.py", line 607, in _do_api_call
    response.raise_for_status()
  File "/home/airflow/.local/lib/python3.10/site-packages/requests/models.py", line 1021, in raise_for_status
    raise HTTPError(http_error_msg, response=self)
requests.exceptions.HTTPError: 403 Client Error: Forbidden for url: https://adb-7405611376491031.11.azuredatabricks.net/api/2.1/jobs/runs/submit

During handling of the above exception, another exception occurred:

Traceback (most recent call last):
  File "/home/airflow/.local/lib/python3.10/site-packages/airflow/models/taskinstance.py", line 433, in _execute_task
    result = execute_callable(context=context, **execute_callable_kwargs)
  File "/home/airflow/.local/lib/python3.10/site-packages/airflow/providers/databricks/operators/databricks.py", line 569, in execute
    self.run_id = self._hook.submit_run(json_normalised)
  File "/home/airflow/.local/lib/python3.10/site-packages/airflow/providers/databricks/hooks/databricks.py", line 232, in submit_run
    response = self._do_api_call(SUBMIT_RUN_ENDPOINT, json)
  File "/home/airflow/.local/lib/python3.10/site-packages/airflow/providers/databricks/hooks/databricks_base.py", line 614, in _do_api_call
    raise AirflowException(msg)
airflow.exceptions.AirflowException: Response: {"error_code":403,"message":"User admin is not allowed to use the access token provided. [ReqId: dd0af38c-7b3c-4210-b518-42fbaac974e7]"}, Status Code: 403
[2026-01-11T06:09:58.478+0000] {taskinstance.py:1138} INFO - Marking task as FAILED. dag_id=exchange_rate_crawler, task_id=get_rate_and_save, execution_date=20260111T060448, start_date=20260111T060957, end_date=20260111T060958
[2026-01-11T06:09:58.503+0000] {standard_task_runner.py:107} ERROR - Failed to execute job 14 for task get_rate_and_save (Response: {"error_code":403,"message":"User admin is not allowed to use the access token provided. [ReqId: dd0af38c-7b3c-4210-b518-42fbaac974e7]"}, Status Code: 403; 234)
[2026-01-11T06:09:58.529+0000] {local_task_job_runner.py:234} INFO - Task exited with return code 1
[2026-01-11T06:09:58.558+0000] {taskinstance.py:3280} INFO - 0 downstream tasks scheduled from follow-on schedule check
