[2026-01-13T05:06:11.866+0000] {taskinstance.py:1956} INFO - Dependencies all met for dep_context=non-requeueable deps ti=<TaskInstance: exchange_rate_crawler.get_rate_and_save manual__2026-01-13T05:00:37.101224+00:00 [queued]>
[2026-01-13T05:06:11.873+0000] {taskinstance.py:1956} INFO - Dependencies all met for dep_context=requeueable deps ti=<TaskInstance: exchange_rate_crawler.get_rate_and_save manual__2026-01-13T05:00:37.101224+00:00 [queued]>
[2026-01-13T05:06:11.874+0000] {taskinstance.py:2170} INFO - Starting attempt 2 of 2
[2026-01-13T05:06:11.888+0000] {taskinstance.py:2191} INFO - Executing <Task(DatabricksSubmitRunOperator): get_rate_and_save> on 2026-01-13 05:00:37.101224+00:00
[2026-01-13T05:06:11.897+0000] {standard_task_runner.py:60} INFO - Started process 797 to run task
[2026-01-13T05:06:11.903+0000] {standard_task_runner.py:87} INFO - Running: ['airflow', 'tasks', 'run', 'exchange_rate_crawler', 'get_rate_and_save', 'manual__2026-01-13T05:00:37.101224+00:00', '--job-id', '41', '--raw', '--subdir', 'DAGS_FOLDER/exchange_rate_dag.py', '--cfg-path', '/tmp/tmppugff5xm']
[2026-01-13T05:06:11.906+0000] {standard_task_runner.py:88} INFO - Job 41: Subtask get_rate_and_save
[2026-01-13T05:06:11.944+0000] {task_command.py:423} INFO - Running <TaskInstance: exchange_rate_crawler.get_rate_and_save manual__2026-01-13T05:00:37.101224+00:00 [running]> on host c971fff4d57a
[2026-01-13T05:06:12.004+0000] {taskinstance.py:2480} INFO - Exporting env vars: AIRFLOW_CTX_DAG_OWNER='airflow' AIRFLOW_CTX_DAG_ID='exchange_rate_crawler' AIRFLOW_CTX_TASK_ID='get_rate_and_save' AIRFLOW_CTX_EXECUTION_DATE='2026-01-13T05:00:37.101224+00:00' AIRFLOW_CTX_TRY_NUMBER='2' AIRFLOW_CTX_DAG_RUN_ID='manual__2026-01-13T05:00:37.101224+00:00'
[2026-01-13T05:06:12.009+0000] {base.py:83} INFO - Using connection ID 'databricks_default' for task execution.
[2026-01-13T05:06:12.088+0000] {databricks_base.py:581} INFO - Using basic auth.
[2026-01-13T05:06:12.092+0000] {databricks_base.py:551} ERROR - Attempt 1 API Request to Databricks failed with reason: <Future at 0x7d3f4ca87610 state=finished raised ConnectionError>
[2026-01-13T05:06:13.095+0000] {databricks_base.py:551} ERROR - Attempt 2 API Request to Databricks failed with reason: <Future at 0x7d3f4ca87df0 state=finished raised ConnectionError>
[2026-01-13T05:06:15.100+0000] {databricks_base.py:551} ERROR - Attempt 3 API Request to Databricks failed with reason: <Future at 0x7d3f4c940610 state=finished raised ConnectionError>
[2026-01-13T05:06:15.106+0000] {taskinstance.py:2698} ERROR - Task failed with exception
Traceback (most recent call last):
  File "/home/airflow/.local/lib/python3.10/site-packages/urllib3/connection.py", line 203, in _new_conn
    sock = connection.create_connection(
  File "/home/airflow/.local/lib/python3.10/site-packages/urllib3/util/connection.py", line 85, in create_connection
    raise err
  File "/home/airflow/.local/lib/python3.10/site-packages/urllib3/util/connection.py", line 73, in create_connection
    sock.connect(sa)
ConnectionRefusedError: [Errno 111] Connection refused

The above exception was the direct cause of the following exception:

Traceback (most recent call last):
  File "/home/airflow/.local/lib/python3.10/site-packages/urllib3/connectionpool.py", line 791, in urlopen
    response = self._make_request(
  File "/home/airflow/.local/lib/python3.10/site-packages/urllib3/connectionpool.py", line 492, in _make_request
    raise new_e
  File "/home/airflow/.local/lib/python3.10/site-packages/urllib3/connectionpool.py", line 468, in _make_request
    self._validate_conn(conn)
  File "/home/airflow/.local/lib/python3.10/site-packages/urllib3/connectionpool.py", line 1097, in _validate_conn
    conn.connect()
  File "/home/airflow/.local/lib/python3.10/site-packages/urllib3/connection.py", line 611, in connect
    self.sock = sock = self._new_conn()
  File "/home/airflow/.local/lib/python3.10/site-packages/urllib3/connection.py", line 218, in _new_conn
    raise NewConnectionError(
urllib3.exceptions.NewConnectionError: <urllib3.connection.HTTPSConnection object at 0x7d3f4c940490>: Failed to establish a new connection: [Errno 111] Connection refused

The above exception was the direct cause of the following exception:

Traceback (most recent call last):
  File "/home/airflow/.local/lib/python3.10/site-packages/requests/adapters.py", line 486, in send
    resp = conn.urlopen(
  File "/home/airflow/.local/lib/python3.10/site-packages/urllib3/connectionpool.py", line 845, in urlopen
    retries = retries.increment(
  File "/home/airflow/.local/lib/python3.10/site-packages/urllib3/util/retry.py", line 515, in increment
    raise MaxRetryError(_pool, url, reason) from reason  # type: ignore[arg-type]
urllib3.exceptions.MaxRetryError: HTTPSConnectionPool(host='localhost', port=443): Max retries exceeded with url: /api/2.1/jobs/runs/submit (Caused by NewConnectionError('<urllib3.connection.HTTPSConnection object at 0x7d3f4c940490>: Failed to establish a new connection: [Errno 111] Connection refused'))

During handling of the above exception, another exception occurred:

Traceback (most recent call last):
  File "/home/airflow/.local/lib/python3.10/site-packages/airflow/providers/databricks/hooks/databricks_base.py", line 599, in _do_api_call
    response = request_func(
  File "/home/airflow/.local/lib/python3.10/site-packages/requests/api.py", line 115, in post
    return request("post", url, data=data, json=json, **kwargs)
  File "/home/airflow/.local/lib/python3.10/site-packages/requests/api.py", line 59, in request
    return session.request(method=method, url=url, **kwargs)
  File "/home/airflow/.local/lib/python3.10/site-packages/requests/sessions.py", line 589, in request
    resp = self.send(prep, **send_kwargs)
  File "/home/airflow/.local/lib/python3.10/site-packages/requests/sessions.py", line 703, in send
    r = adapter.send(request, **kwargs)
  File "/home/airflow/.local/lib/python3.10/site-packages/requests/adapters.py", line 519, in send
    raise ConnectionError(e, request=request)
requests.exceptions.ConnectionError: HTTPSConnectionPool(host='localhost', port=443): Max retries exceeded with url: /api/2.1/jobs/runs/submit (Caused by NewConnectionError('<urllib3.connection.HTTPSConnection object at 0x7d3f4c940490>: Failed to establish a new connection: [Errno 111] Connection refused'))

The above exception was the direct cause of the following exception:

Traceback (most recent call last):
  File "/home/airflow/.local/lib/python3.10/site-packages/airflow/providers/databricks/hooks/databricks_base.py", line 597, in _do_api_call
    for attempt in self._get_retry_object():
  File "/home/airflow/.local/lib/python3.10/site-packages/tenacity/__init__.py", line 347, in __iter__
    do = self.iter(retry_state=retry_state)
  File "/home/airflow/.local/lib/python3.10/site-packages/tenacity/__init__.py", line 326, in iter
    raise retry_exc from fut.exception()
tenacity.RetryError: RetryError[<Future at 0x7d3f4c940610 state=finished raised ConnectionError>]

During handling of the above exception, another exception occurred:

Traceback (most recent call last):
  File "/home/airflow/.local/lib/python3.10/site-packages/airflow/models/taskinstance.py", line 433, in _execute_task
    result = execute_callable(context=context, **execute_callable_kwargs)
  File "/home/airflow/.local/lib/python3.10/site-packages/airflow/providers/databricks/operators/databricks.py", line 569, in execute
    self.run_id = self._hook.submit_run(json_normalised)
  File "/home/airflow/.local/lib/python3.10/site-packages/airflow/providers/databricks/hooks/databricks.py", line 232, in submit_run
    response = self._do_api_call(SUBMIT_RUN_ENDPOINT, json)
  File "/home/airflow/.local/lib/python3.10/site-packages/airflow/providers/databricks/hooks/databricks_base.py", line 610, in _do_api_call
    raise AirflowException(f"API requests to Databricks failed {self.retry_limit} times. Giving up.")
airflow.exceptions.AirflowException: API requests to Databricks failed 3 times. Giving up.
[2026-01-13T05:06:15.111+0000] {taskinstance.py:1138} INFO - Marking task as FAILED. dag_id=exchange_rate_crawler, task_id=get_rate_and_save, execution_date=20260113T050037, start_date=20260113T050611, end_date=20260113T050615
[2026-01-13T05:06:15.126+0000] {standard_task_runner.py:107} ERROR - Failed to execute job 41 for task get_rate_and_save (API requests to Databricks failed 3 times. Giving up.; 797)
[2026-01-13T05:06:15.162+0000] {local_task_job_runner.py:234} INFO - Task exited with return code 1
[2026-01-13T05:06:15.176+0000] {taskinstance.py:3280} INFO - 0 downstream tasks scheduled from follow-on schedule check
